2025-05-01 08:20:38,468 [INFO] Starting experiment...
2025-05-01 08:20:46,633 [INFO] Starting feature extraction...
2025-05-01 08:22:06,690 [INFO] Feature extraction completed. Valid: 2500/2500
2025-05-01 08:22:06,691 [INFO] Starting feature extraction...
2025-05-01 08:22:23,763 [INFO] Feature extraction completed. Valid: 500/500
2025-05-01 08:22:23,763 [INFO] 
========================================
Testing k=50
========================================
2025-05-01 08:22:23,764 [INFO] Building visual vocabulary...
2025-05-01 08:22:32,098 [INFO] Generating BoW features...
2025-05-01 08:22:35,067 [INFO] Generating BoW features...
2025-05-01 08:22:36,609 [INFO] 
========================================
Testing k=100
========================================
2025-05-01 08:22:36,611 [INFO] Building visual vocabulary...
2025-05-01 08:22:48,666 [INFO] Generating BoW features...
2025-05-01 08:22:51,998 [INFO] Generating BoW features...
2025-05-01 08:22:54,542 [INFO] 
========================================
Testing k=300
========================================
2025-05-01 08:22:54,543 [INFO] Building visual vocabulary...
2025-05-01 08:23:35,846 [INFO] Generating BoW features...
2025-05-01 08:23:40,439 [INFO] Generating BoW features...
2025-05-01 08:23:43,936 [INFO] 
========================================
Testing k=500
========================================
2025-05-01 08:23:43,937 [INFO] Building visual vocabulary...
2025-05-01 08:24:45,231 [INFO] Generating BoW features...
2025-05-01 08:24:54,225 [INFO] Generating BoW features...
2025-05-01 08:25:00,322 [INFO] 
========================================
Testing k=1000
========================================
2025-05-01 08:25:00,323 [INFO] Building visual vocabulary...
2025-05-01 08:27:23,653 [INFO] Generating BoW features...
2025-05-01 08:27:40,180 [INFO] Generating BoW features...
2025-05-01 08:27:58,370 [INFO] Total time: 7.3 minutes
