2025-05-01 21:04:24 [INFO] ===== Starting Harris Analysis =====
2025-05-01 21:04:31 [INFO] ===== Feature Extraction =====
2025-05-01 21:15:54 [INFO] 
===== Evaluating K=50 =====
2025-05-01 21:16:11 [INFO] K=50 | Train Acc: 0.862 | Test Acc: 0.768 | Train Time: 0.6s
2025-05-01 21:16:11 [INFO] 
===== Evaluating K=150 =====
2025-05-01 21:16:36 [INFO] K=150 | Train Acc: 0.917 | Test Acc: 0.820 | Train Time: 0.8s
2025-05-01 21:16:36 [INFO] 
===== Evaluating K=300 =====
2025-05-01 21:17:16 [INFO] K=300 | Train Acc: 0.948 | Test Acc: 0.848 | Train Time: 1.2s
2025-05-01 21:17:16 [INFO] 
===== Evaluating K=500 =====
2025-05-01 21:18:12 [INFO] K=500 | Train Acc: 0.963 | Test Acc: 0.876 | Train Time: 2.0s
2025-05-01 21:18:12 [INFO] 
===== Evaluating K=800 =====
2025-05-01 21:19:36 [INFO] K=800 | Train Acc: 0.973 | Test Acc: 0.862 | Train Time: 3.2s
2025-05-01 21:19:36 [INFO] 
===== Evaluating K=1000 =====
2025-05-01 21:21:16 [INFO] K=1000 | Train Acc: 0.981 | Test Acc: 0.856 | Train Time: 4.0s
2025-05-01 21:21:16 [INFO] 
===== Evaluating K=1300 =====
2025-05-01 21:23:26 [INFO] K=1300 | Train Acc: 0.986 | Test Acc: 0.900 | Train Time: 6.3s
2025-05-01 21:23:31 [INFO] 
===== Best Results =====
2025-05-01 21:23:31 [INFO] Optimal K: 1300
2025-05-01 21:23:31 [INFO] Test Accuracy: 0.900
2025-05-01 21:23:31 [INFO] Total execution time: 1146.7 seconds
