2025-05-01 23:55:34 [INFO] ===== Analysis Started =====
2025-05-01 23:55:38 [INFO] ===== Feature Extraction Started =====
2025-05-01 23:56:56 [INFO] 
===== Evaluating K=50 =====
2025-05-01 23:57:01 [INFO] K=50 | Feature: 77.8s | KMeans: 3.6s | SVM: 0.0s | Total: 4.5s
2025-05-01 23:57:01 [INFO] 
===== Evaluating K=150 =====
2025-05-01 23:57:08 [INFO] K=150 | Feature: 77.8s | KMeans: 5.9s | SVM: 0.0s | Total: 7.1s
2025-05-01 23:57:08 [INFO] 
===== Evaluating K=300 =====
2025-05-01 23:57:21 [INFO] K=300 | Feature: 77.8s | KMeans: 11.0s | SVM: 0.1s | Total: 12.9s
2025-05-01 23:57:21 [INFO] 
===== Evaluating K=500 =====
2025-05-01 23:57:40 [INFO] K=500 | Feature: 77.8s | KMeans: 16.6s | SVM: 0.1s | Total: 19.0s
2025-05-01 23:57:40 [INFO] 
===== Evaluating K=800 =====
2025-05-01 23:58:09 [INFO] K=800 | Feature: 77.8s | KMeans: 26.1s | SVM: 0.2s | Total: 29.6s
2025-05-01 23:58:09 [INFO] 
===== Evaluating K=1000 =====
2025-05-01 23:58:45 [INFO] K=1000 | Feature: 77.8s | KMeans: 31.5s | SVM: 0.2s | Total: 35.9s
2025-05-01 23:58:45 [INFO] 
===== Evaluating K=1300 =====
2025-05-01 23:59:31 [INFO] K=1300 | Feature: 77.8s | KMeans: 39.8s | SVM: 0.2s | Total: 45.8s
2025-05-01 23:59:36 [INFO] 
===== Optimal Results =====
2025-05-01 23:59:36 [INFO] Optimal K-value: 150
2025-05-01 23:59:36 [INFO] Maximum Test Accuracy: 0.812
2025-05-01 23:59:36 [WARNING] Overfitting detected at K=1300 (Accuracy drop: 0.037)
2025-05-01 23:59:36 [INFO] Total execution time: 242.6 seconds
