2025-05-01 21:31:19 [INFO] ===== Analysis Started =====
2025-05-01 21:31:24 [INFO] ===== Feature Extraction Started =====
2025-05-01 21:33:02 [INFO] 
===== Evaluating K=50 =====
2025-05-01 21:33:07 [INFO] K=50 | Train Acc: 0.892 | Test Acc: 0.730 | Train Time: 0.0s
2025-05-01 21:33:07 [INFO] 
===== Evaluating K=150 =====
2025-05-01 21:33:14 [INFO] K=150 | Train Acc: 0.970 | Test Acc: 0.810 | Train Time: 0.0s
2025-05-01 21:33:14 [INFO] 
===== Evaluating K=300 =====
2025-05-01 21:33:28 [INFO] K=300 | Train Acc: 0.974 | Test Acc: 0.800 | Train Time: 0.1s
2025-05-01 21:33:28 [INFO] 
===== Evaluating K=500 =====
2025-05-01 21:33:48 [INFO] K=500 | Train Acc: 0.988 | Test Acc: 0.810 | Train Time: 0.1s
2025-05-01 21:33:48 [INFO] 
===== Evaluating K=800 =====
2025-05-01 21:34:19 [INFO] K=800 | Train Acc: 0.992 | Test Acc: 0.810 | Train Time: 0.2s
2025-05-01 21:34:19 [INFO] 
===== Evaluating K=1000 =====
2025-05-01 21:34:57 [INFO] K=1000 | Train Acc: 0.998 | Test Acc: 0.810 | Train Time: 0.2s
2025-05-01 21:34:57 [INFO] 
===== Evaluating K=1300 =====
2025-05-01 21:35:46 [INFO] K=1300 | Train Acc: 1.000 | Test Acc: 0.790 | Train Time: 0.3s
2025-05-01 21:35:50 [INFO] 
===== Optimal Results =====
2025-05-01 21:35:50 [INFO] Optimal K-value: 150
2025-05-01 21:35:50 [INFO] Maximum Test Accuracy: 0.810
2025-05-01 21:35:50 [WARNING] Overfitting detected at K=1300 (Accuracy drop: 0.020)
2025-05-01 21:35:50 [INFO] Total execution time: 271.6 seconds
