2025-05-04 17:26:12 [INFO] ===== Analysis Started =====
2025-05-04 17:26:18 [INFO] ===== Feature Extraction Started =====
2025-05-04 17:27:54 [INFO] 
===== Evaluating K=50 =====
2025-05-04 17:28:05 [INFO] K=50 | Feature: 95.7s | KMeans: 10.7s | SVM: 0.0s | Total: 11.8s
2025-05-04 17:28:05 [INFO] 
===== Evaluating K=150 =====
2025-05-04 17:28:20 [INFO] K=150 | Feature: 95.7s | KMeans: 13.0s | SVM: 0.0s | Total: 14.3s
2025-05-04 17:28:20 [INFO] 
===== Evaluating K=300 =====
2025-05-04 17:28:41 [INFO] K=300 | Feature: 95.7s | KMeans: 19.6s | SVM: 0.1s | Total: 21.4s
2025-05-04 17:28:41 [INFO] 
===== Evaluating K=500 =====
2025-05-04 17:29:07 [INFO] K=500 | Feature: 95.7s | KMeans: 23.2s | SVM: 0.1s | Total: 26.0s
2025-05-04 17:29:07 [INFO] 
===== Evaluating K=800 =====
2025-05-04 17:29:45 [INFO] K=800 | Feature: 95.7s | KMeans: 33.7s | SVM: 0.1s | Total: 37.8s
2025-05-04 17:29:45 [INFO] 
===== Evaluating K=1000 =====
2025-05-04 17:30:32 [INFO] K=1000 | Feature: 95.7s | KMeans: 41.6s | SVM: 0.2s | Total: 46.6s
2025-05-04 17:30:32 [INFO] 
===== Evaluating K=1300 =====
2025-05-04 17:31:26 [INFO] K=1300 | Feature: 95.7s | KMeans: 47.9s | SVM: 0.3s | Total: 54.6s
2025-05-04 17:31:33 [INFO] 
===== Optimal Results =====
2025-05-04 17:31:33 [INFO] Optimal K-value: 150
2025-05-04 17:31:33 [INFO] Maximum Test Accuracy: 0.838
2025-05-04 17:31:33 [WARNING] Overfitting detected at K=1300 (Accuracy drop: 0.062)
2025-05-04 17:31:33 [INFO] Total execution time: 321.2 seconds
