2025-05-01 18:48:44 [INFO] ===== 实验开始 =====
2025-05-01 18:48:49 [INFO] 
===== Processing R=0.01 =====
2025-05-01 18:49:30 [INFO] 平均特征数: 28.5 | 动态K值: 50
2025-05-01 18:49:49 [INFO] 分类准确率: 0.580
2025-05-01 18:49:49 [INFO] 
===== Processing R=0.03 =====
2025-05-01 18:50:30 [INFO] 平均特征数: 26.3 | 动态K值: 50
2025-05-01 18:50:49 [INFO] 分类准确率: 0.645
2025-05-01 18:50:49 [INFO] 
===== Processing R=0.05 =====
2025-05-01 18:51:27 [INFO] 平均特征数: 24.8 | 动态K值: 50
2025-05-01 18:51:43 [INFO] 分类准确率: 0.630
2025-05-01 18:51:43 [INFO] 
===== Processing R=0.07 =====
2025-05-01 18:52:21 [INFO] 平均特征数: 24.7 | 动态K值: 50
2025-05-01 18:52:39 [INFO] 分类准确率: 0.675
2025-05-01 18:52:39 [INFO] 
===== Processing R=0.09 =====
2025-05-01 18:53:20 [INFO] 平均特征数: 24.7 | 动态K值: 50
2025-05-01 18:53:39 [INFO] 分类准确率: 0.645
2025-05-01 18:53:39 [INFO] 
===== 结果汇总 =====
2025-05-01 18:53:39 [INFO] R=0.01 | Acc=0.580 | Features=28.5 | K=50
2025-05-01 18:53:39 [INFO] R=0.03 | Acc=0.645 | Features=26.3 | K=50
2025-05-01 18:53:39 [INFO] R=0.05 | Acc=0.630 | Features=24.8 | K=50
2025-05-01 18:53:39 [INFO] R=0.07 | Acc=0.675 | Features=24.7 | K=50
2025-05-01 18:53:39 [INFO] R=0.09 | Acc=0.645 | Features=24.7 | K=50
2025-05-01 18:53:42 [INFO] 
===== 最优参数 =====
2025-05-01 18:53:42 [INFO] * Optimal R: 0.030
2025-05-01 18:53:42 [INFO] * Max Accuracy: 0.675
2025-05-01 18:53:44 [INFO] 总耗时: 300.4秒
